


ARM Macro Assembler    Page 1 


    1 00000000         ;/******************************************************
                       ********************//**
    2 00000000         ; * @file     startup_RS1xxxx.s
    3 00000000         ; * @brief    CMSIS Core Device Startup File for
    4 00000000         ; *           ARMCM4 Device Series
    5 00000000         ; * @version  V1.08
    6 00000000         ; * @date     23. November 2012
    7 00000000         ; *
    8 00000000         ; * @note
    9 00000000         ; *
   10 00000000         ; ******************************************************
                       ************************/
   11 00000000         ;/* Copyright (c) 2011 - 2012 ARM LIMITED
   12 00000000         ;
   13 00000000         ;   All rights reserved.
   14 00000000         ;   Redistribution and use in source and binary forms, w
                       ith or without
   15 00000000         ;   modification, are permitted provided that the follow
                       ing conditions are met:
   16 00000000         ;   - Redistributions of source code must retain the abo
                       ve copyright
   17 00000000         ;     notice, this list of conditions and the following 
                       disclaimer.
   18 00000000         ;   - Redistributions in binary form must reproduce the 
                       above copyright
   19 00000000         ;     notice, this list of conditions and the following 
                       disclaimer in the
   20 00000000         ;     documentation and/or other materials provided with
                        the distribution.
   21 00000000         ;   - Neither the name of ARM nor the names of its contr
                       ibutors may be used
   22 00000000         ;     to endorse or promote products derived from this s
                       oftware without
   23 00000000         ;     specific prior written permission.
   24 00000000         ;   *
   25 00000000         ;   THIS SOFTWARE IS PROVIDED BY THE COPYRIGHT HOLDERS A
                       ND CONTRIBUTORS "AS IS"
   26 00000000         ;   AND ANY EXPRESS OR IMPLIED WARRANTIES, INCLUDING, BU
                       T NOT LIMITED TO, THE
   27 00000000         ;   IMPLIED WARRANTIES OF MERCHANTABILITY AND FITNESS FO
                       R A PARTICULAR PURPOSE
   28 00000000         ;   ARE DISCLAIMED. IN NO EVENT SHALL COPYRIGHT HOLDERS 
                       AND CONTRIBUTORS BE
   29 00000000         ;   LIABLE FOR ANY DIRECT, INDIRECT, INCIDENTAL, SPECIAL
                       , EXEMPLARY, OR
   30 00000000         ;   CONSEQUENTIAL DAMAGES (INCLUDING, BUT NOT LIMITED TO
                       , PROCUREMENT OF
   31 00000000         ;   SUBSTITUTE GOODS OR SERVICES; LOSS OF USE, DATA, OR 
                       PROFITS; OR BUSINESS
   32 00000000         ;   INTERRUPTION) HOWEVER CAUSED AND ON ANY THEORY OF LI
                       ABILITY, WHETHER IN
   33 00000000         ;   CONTRACT, STRICT LIABILITY, OR TORT (INCLUDING NEGLI
                       GENCE OR OTHERWISE)
   34 00000000         ;   ARISING IN ANY WAY OUT OF THE USE OF THIS SOFTWARE, 
                       EVEN IF ADVISED OF THE
   35 00000000         ;   POSSIBILITY OF SUCH DAMAGE.
   36 00000000         ;   ----------------------------------------------------
                       -----------------------*/
   37 00000000         ;/*



ARM Macro Assembler    Page 2 


   38 00000000         ;//-------- <<< Use Configuration Wizard in Context Menu
                        >>> ------------------
   39 00000000         ;*/
   40 00000000         
   41 00000000         
   42 00000000         ; <h> Stack Configuration
   43 00000000         ;   <o> Stack Size (in Bytes) <0x0-0xFFFFFFFF:8>
   44 00000000         ; </h>
   45 00000000         
   46 00000000 00000C00 
                       Stack_Size
                               EQU              0x00000C00
   47 00000000         
   48 00000000                 AREA             STACK, NOINIT, READWRITE, ALIGN
=3
   49 00000000         Stack_Mem
                               SPACE            Stack_Size
   50 00000C00         __initial_sp
   51 00000C00         
   52 00000C00         
   53 00000C00         ; <h> Heap Configuration
   54 00000C00         ;   <o>  Heap Size (in Bytes) <0x0-0xFFFFFFFF:8>
   55 00000C00         ; </h>
   56 00000C00         
   57 00000C00 00000C00 
                       Heap_Size
                               EQU              0x00000C00
   58 00000C00         
   59 00000C00                 AREA             HEAP, NOINIT, READWRITE, ALIGN=
3
   60 00000000         __heap_base
   61 00000000         Heap_Mem
                               SPACE            Heap_Size
   62 00000C00         __heap_limit
   63 00000C00         
   64 00000C00         
   65 00000C00                 PRESERVE8
   66 00000C00                 THUMB
   67 00000C00         
   68 00000C00         
   69 00000C00         ; Vector Table Mapped to Address 0 at Reset
   70 00000C00         
   71 00000C00                 AREA             RESET, DATA, READONLY
   72 00000000                 EXPORT           __Vectors
   73 00000000                 EXPORT           __Vectors_End
   74 00000000                 EXPORT           __Vectors_Size
   75 00000000                 IMPORT           RSI_PS_Restore
   76 00000000         
   77 00000000         
   78 00000000 00002000 
                       __Vectors
                               DCD              0x2000      ;                  
                                                             ; Bootloader stack
                                                             pointer 
   79 00000004 00300001        DCD              0x300001    ;                 ;
                                                             Boot loader entry 
                                                            address
   80 00000008 00000000        DCD              NMI_Handler ; NMI Handler
   81 0000000C 00000000        DCD              HardFault_Handler ; Hard Fault 



ARM Macro Assembler    Page 3 


                                                            Handler
   82 00000010 00000000        DCD              MemManage_Handler 
                                                            ; MPU Fault Handler
                                                            
   83 00000014 00000000        DCD              BusFault_Handler 
                                                            ; Bus Fault Handler
                                                            
   84 00000018 00000000        DCD              UsageFault_Handler ; Usage Faul
                                                            t Handler
   85 0000001C 00000000        DCD              0           ; Reserved
   86 00000020 00000000        DCD              0           ; Reserved
   87 00000024 00000000        DCD              0           ; Reserved
   88 00000028 00000000        DCD              0           ; Reserved
   89 0000002C 00000000        DCD              SVC_Handler ; SVCall Handler
   90 00000030 00000000        DCD              DebugMon_Handler ; Debug Monito
                                                            r Handler
   91 00000034 00000000        DCD              0           ; Reserved
   92 00000038 00000000        DCD              PendSV_Handler ; PendSV Handler
                                                            
   93 0000003C 00000000        DCD              SysTick_Handler 
                                                            ; SysTick Handler
   94 00000040         
   95 00000040         ; External Interrupts
   96 00000040 00000000        DCD              IRQ000_Handler ; 0: VAD interru
                                                            pt  
   97 00000044 00000000        DCD              IRQ001_Handler ; 1: ULP Process
                                                            or Interrupt1   
   98 00000048 00000000        DCD              IRQ002_Handler ; 2: ULP Process
                                                            or Interrupt2   
   99 0000004C 00000000        DCD              IRQ003_Handler ; 3: ULP Process
                                                            or Interrupt3  
  100 00000050 00000000        DCD              IRQ004_Handler ; 4: ULP Process
                                                            or Interrupt4  
  101 00000054 00000000        DCD              IRQ005_Handler ; 5: ULP Process
                                                            or Interrupt5 
  102 00000058 00000000        DCD              IRQ006_Handler ; 6: ULP Process
                                                            or Interrupt6 
  103 0000005C 00000000        DCD              IRQ007_Handler ; 7: ULP Process
                                                            or Interrupt7 
  104 00000060 00000000        DCD              IRQ008_Handler ; 8: ULP Process
                                                            or Interrupt8 
  105 00000064 00000000        DCD              IRQ009_Handler ; 9: ULP Process
                                                            or Interrupt8 
  106 00000068 00000000        DCD              IRQ010_Handler ; 10: ULP Proces
                                                            sor Interrupt8 
  107 0000006C 00000000        DCD              IRQ011_Handler ; 11: ULP Proces
                                                            sor Interrupt8 
  108 00000070 00000000        DCD              IRQ012_Handler ; 12: ULP Proces
                                                            sor Interrupt8 
  109 00000074 00000000        DCD              IRQ013_Handler ; 13: ULP Proces
                                                            sor Interrupt8 
  110 00000078 00000000        DCD              IRQ014_Handler ; 14: ULP Proces
                                                            sor Interrupt8 
  111 0000007C 00000000        DCD              IRQ015_Handler ; 15: ULP Proces
                                                            sor Interrupt8 
  112 00000080 00000000        DCD              IRQ016_Handler ; 16: ULP Proces
                                                            sor Interrupt8 
  113 00000084 00000000        DCD              IRQ017_Handler ; 17: ULP Proces
                                                            sor Interrupt8 



ARM Macro Assembler    Page 4 


  114 00000088 00000000        DCD              IRQ018_Handler ; 18: ULP Proces
                                                            sor Interrupt8 
  115 0000008C 00000000        DCD              IRQ019_Handler ; 19: ULP Proces
                                                            sor Interrupt8 
  116 00000090 00000000        DCD              IRQ020_Handler ; 20: Sleep Sens
                                                            or Interrupts 0
  117 00000094 00000000        DCD              IRQ021_Handler ; 21: Sleep Sens
                                                            or Interrupts 1
  118 00000098 00000000        DCD              IRQ022_Handler ; 22: Sleep Sens
                                                            or Interrupts 2
  119 0000009C 00000000        DCD              IRQ023_Handler ; 23: Sleep Sens
                                                            or Interrupts 3
  120 000000A0 00000000        DCD              IRQ024_Handler ; 24: Sleep Sens
                                                            or Interrupts 4
  121 000000A4 00000000        DCD              IRQ025_Handler ; 25: Sleep Sens
                                                            or Interrupts 5
  122 000000A8 00000000        DCD              IRQ026_Handler ; 26: Sleep Sens
                                                            or Interrupts 6
  123 000000AC 00000000        DCD              IRQ027_Handler ; 27: Sleep Sens
                                                            or Interrupts 7
  124 000000B0 00000000        DCD              IRQ028_Handler ; 28: Sleep Sens
                                                            or Interrupts 8
  125 000000B4 00000000        DCD              IRQ029_Handler ; 29: Sleep Sens
                                                            or Interrupts 9
  126 000000B8 00000000        DCD              __initial_sp ; 30: Reserved   
  127 000000BC 00000000        DCD              IRQ031_Handler ; 31: RPDMA inte
                                                            rrupt
  128 000000C0 00000000        DCD              Reset_Handler ; 32: Reserved   
                                                                         
  129 000000C4 00000000        DCD              IRQ033_Handler ; 33: UDMA inter
                                                            rupt
  130 000000C8 00000000        DCD              IRQ034_Handler 
                                                            ; 34: SCT interrupt
                                                            
  131 000000CC 00000000        DCD              HIF1_IRQHandler ; 35: HIF Inter
                                                            rupt1
  132 000000D0 00000000        DCD              HIF2_IRQHandler ; 36: HIF Inter
                                                            rupt2
  133 000000D4 00000000        DCD              IRQ037_Handler 
                                                            ; 37: SIO Interrupt
                                                            
  134 000000D8 00000000        DCD              IRQ038_Handler ; 38: USART 1 In
                                                            terrupt
  135 000000DC 00000000        DCD              IRQ039_Handler ; 39: USART 2 In
                                                            terrupt
  136 000000E0 00000000        DCD              RSI_PS_Restore ; 40: Reserved
  137 000000E4 00000000        DCD              IRQ041_Handler ; 41: GPIO WAKEU
                                                            P INTERRUPT    
  138 000000E8 00000000        DCD              IRQ042_Handler 
                                                            ; 42: I2C Interrupt
                                                            
  139 000000EC 10AD10AD        DCD              0x10AD10AD  ; 43: Reserved
  140 000000F0 00000000        DCD              IRQ044_Handler ; 44: SSI Slave 
                                                            Interrupt
  141 000000F4 00000000        DCD              0           ; 45: Reserved
  142 000000F8 00000000        DCD              IRQ046_Handler ; 46: GSPI Maste
                                                            r 1 Interrupt
  143 000000FC 00000000        DCD              IRQ047_Handler ; 47: SSI Master
                                                             Interrupt 



ARM Macro Assembler    Page 5 


  144 00000100 00000000        DCD              IRQ048_Handler ; 48: MCPWM Inte
                                                            rrupt
  145 00000104 00000000        DCD              IRQ049_Handler ; 49: QEI Interr
                                                            upt              
  146 00000108 00000000        DCD              IRQ050_Handler ; 50: GPIO Group
                                                             Interrupt 0    
  147 0000010C 00000000        DCD              IRQ051_Handler ; 51: GPIO Group
                                                             Interrupt 1    
  148 00000110 00000000        DCD              IRQ052_Handler ; 52: GPIO Pin I
                                                            nterrupt   0 
  149 00000114 00000000        DCD              IRQ053_Handler ; 53: GPIO Pin I
                                                            nterrupt   1 
  150 00000118 00000000        DCD              IRQ054_Handler ; 54: GPIO Pin I
                                                            nterrupt   2 
  151 0000011C 00000000        DCD              IRQ055_Handler ; 55: GPIO Pin I
                                                            nterrupt   3 
  152 00000120 00000000        DCD              IRQ056_Handler ; 56: GPIO Pin I
                                                            nterrupt   4 
  153 00000124 00000000        DCD              IRQ057_Handler ; 57: GPIO Pin I
                                                            nterrupt   5 
  154 00000128 00000000        DCD              IRQ058_Handler ; 58: GPIO Pin I
                                                            nterrupt   6 
  155 0000012C 00000000        DCD              IRQ059_Handler ; 59: GPIO Pin I
                                                            nterrupt   7 
  156 00000130 00000000        DCD              IRQ060_Handler ; 60: QSPI Inter
                                                            rupt 
  157 00000134 00000000        DCD              IRQ061_Handler ; 61: I2C 2 Inte
                                                            rrupt
  158 00000138 00000000        DCD              IRQ062_Handler ; 62: Ethernet I
                                                            nterrupt
  159 0000013C 00000000        DCD              IRQ063_Handler ; 63: Ethernet P
                                                            MT Interrupt
  160 00000140 00000000        DCD              IRQ064_Handler ; 64: I2S master
                                                             Interrupt
  161 00000144 00000000        DCD              0           ; 65: Reserved 
  162 00000148 00000000        DCD              IRQ066_Handler ; 66: Can 1 Inte
                                                            rrupt
  163 0000014C 00000000        DCD              0           ; 67: Reserved
  164 00000150 00000000        DCD              IRQ068_Handler ; 68: SDMEM Inte
                                                            rrupt
  165 00000154 00000000        DCD              IRQ069_Handler ; 69: PLL clock 
                                                            ind Interrupt
  166 00000158 00000000        DCD              0           ; 70: Reserved
  167 0000015C 00000000        DCD              IRQ071_Handler ; 71: CCI system
                                                             Interrupt Out
  168 00000160 00000000        DCD              IRQ072_Handler 
                                                            ; 72: FPU exception
                                                            
  169 00000164 00000000        DCD              IRQ073_Handler ; 73: USB INTR 
  170 00000168 00000000        DCD              IRQ074_Handler ; 74: TASS_P2P_I
                                                            NTR       
  171 0000016C 00000000        DCD              IRQ075_Handler ; 75: WLAN Band1
                                                             intr0(TA)
  172 00000170 00000000        DCD              IRQ076_Handler ; 76: WLAN Band1
                                                             intr1(TA)
  173 00000174 00000000        DCD              0           ; 77: Reserved(TA)
  174 00000178 00000000        DCD              0           ; 78: Reserved(TA)
  175 0000017C 00000000        DCD              IRQ079_Handler 
                                                            ; 79: BT intr(TA)



ARM Macro Assembler    Page 6 


  176 00000180 00000000        DCD              IRQ080_Handler 
                                                            ; 80: ZB intr(TA)
  177 00000184 00000000        DCD              0           ; 81: Reserved(TA)
  178 00000188 00000000        DCD              IRQ082_Handler ; 82: Modem disa
                                                            bled mode trigger i
                                                            ntr(TA)
  179 0000018C 00000000        DCD              IRQ083_Handler 
                                                            ; 83: gpio intr(TA)
                                                            
  180 00000190 00000000        DCD              IRQ084_Handler 
                                                            ; 84: uart intr(TA)
                                                            
  181 00000194 00000000        DCD              IRQ085_Handler ; 85: watch dog 
                                                            level intr(TA)
  182 00000198 00000000        DCD              IRQ086_Handler ; 86: ULP Sleep 
                                                            sensor interrupt(TA
                                                            )
  183 0000019C 00000000        DCD              IRQ087_Handler 
                                                            ; 87: ECDH intr(TA)
                                                            
  184 000001A0 00000000        DCD              IRQ088_Handler 
                                                            ; 88: DH intr(TA)
  185 000001A4 00000000        DCD              IRQ089_Handler 
                                                            ; 89: QSPI intr(TA)
                                                            
  186 000001A8 00000000        DCD              IRQ090_Handler ; 90: ULP proces
                                                            sor interrupt TASS(
                                                            TA)
  187 000001AC 00000000        DCD              IRQ091_Handler ; 91: Sys Tick T
                                                            imer(TA)
  188 000001B0 00000000        DCD              IRQ092_Handler ; 92: Real Timer
                                                             interrupt(TA)
  189 000001B4 00000000        DCD              IRQ093_Handler ; 93: PLL lock i
                                                            nterrupt(TA)
  190 000001B8 00000000        DCD              0           ; 94: Reserved(TA)
  191 000001BC 00000000        DCD              IRQ095_Handler ; 95: UART2 Inte
                                                            rrupt(TA)
  192 000001C0 00000000        DCD              0           ; 96: Reserved(TA)
  193 000001C4 00000000        DCD              IRQ097_Handler ; 97: I2C Interr
                                                            upt(TA)
  194 000001C8         
  195 000001C8         
  196 000001C8         __Vectors_End
  197 000001C8         
  198 000001C8 000001C8 
                       __Vectors_Size
                               EQU              __Vectors_End - __Vectors
  199 000001C8         
  200 000001C8         
  201 000001C8                 AREA             |.text|, CODE, READONLY
  202 00000000         
  203 00000000         
  204 00000000         ; Reset Handler
  205 00000000         
  206 00000000         Reset_Handler
                               PROC
  207 00000000                 EXPORT           Reset_Handler             [WEAK
]
  208 00000000                 IMPORT           SystemInit



ARM Macro Assembler    Page 7 


  209 00000000                 IMPORT           __main
  210 00000000         
  211 00000000         
  212 00000000 4808            LDR              R0, =SystemInit
  213 00000002 4780            BLX              R0
  214 00000004 4808            LDR              R0, =__main
  215 00000006 4700            BX               R0
  216 00000008                 ENDP
  217 00000008         
  218 00000008         ; Dummy Exception Handlers (infinite loops which can be 
                       modified)
  219 00000008         
  220 00000008         NMI_Handler
                               PROC
  221 00000008                 EXPORT           NMI_Handler               [WEAK
]
  222 00000008 E7FE            B                .
  223 0000000A                 ENDP
  225 0000000A         HardFault_Handler
                               PROC
  226 0000000A                 EXPORT           HardFault_Handler         [WEAK
]
  227 0000000A E7FE            B                .
  228 0000000C                 ENDP
  230 0000000C         MemManage_Handler
                               PROC
  231 0000000C                 EXPORT           MemManage_Handler         [WEAK
]
  232 0000000C E7FE            B                .
  233 0000000E                 ENDP
  235 0000000E         BusFault_Handler
                               PROC
  236 0000000E                 EXPORT           BusFault_Handler          [WEAK
]
  237 0000000E E7FE            B                .
  238 00000010                 ENDP
  240 00000010         UsageFault_Handler
                               PROC
  241 00000010                 EXPORT           UsageFault_Handler        [WEAK
]
  242 00000010 E7FE            B                .
  243 00000012                 ENDP
  244 00000012         SVC_Handler
                               PROC
  245 00000012                 EXPORT           SVC_Handler               [WEAK
]
  246 00000012 E7FE            B                .
  247 00000014                 ENDP
  249 00000014         DebugMon_Handler
                               PROC
  250 00000014                 EXPORT           DebugMon_Handler          [WEAK
]
  251 00000014 E7FE            B                .
  252 00000016                 ENDP
  253 00000016         PendSV_Handler
                               PROC
  254 00000016                 EXPORT           PendSV_Handler            [WEAK
]
  255 00000016 E7FE            B                .



ARM Macro Assembler    Page 8 


  256 00000018                 ENDP
  257 00000018         SysTick_Handler
                               PROC
  258 00000018                 EXPORT           SysTick_Handler           [WEAK
]
  259 00000018 E7FE            B                .
  260 0000001A                 ENDP
  261 0000001A         HIF1_IRQHandler
                               PROC
  262 0000001A                 EXPORT           HIF1_IRQHandler           [WEAK
]
  263 0000001A E7FE            B                .
  264 0000001C                 ENDP
  265 0000001C         
  266 0000001C         HIF2_IRQHandler
                               PROC
  267 0000001C                 EXPORT           HIF2_IRQHandler           [WEAK
]
  268 0000001C E7FE            B                .
  269 0000001E                 ENDP
  270 0000001E         
  271 0000001E         TASS_P2P_INTR
                               PROC
  272 0000001E                 EXPORT           TASS_P2P_INTR             [WEAK
]
  273 0000001E E7FE            B                .
  274 00000020                 ENDP
  275 00000020         
  276 00000020         Default_Handler
                               PROC
  277 00000020         
  278 00000020                 EXPORT           IRQ000_Handler                [
WEAK]
  279 00000020                 EXPORT           IRQ001_Handler                 
 [WEAK]
  280 00000020                 EXPORT           IRQ002_Handler                 
 [WEAK]
  281 00000020                 EXPORT           IRQ003_Handler                [
WEAK]
  282 00000020                 EXPORT           IRQ004_Handler                 
  [WEAK]
  283 00000020                 EXPORT           IRQ005_Handler                 
  [WEAK]
  284 00000020                 EXPORT           IRQ006_Handler                 
 [WEAK]
  285 00000020                 EXPORT           IRQ007_Handler                 
[WEAK]
  286 00000020                 EXPORT           IRQ008_Handler                 
 [WEAK]
  287 00000020                 EXPORT           IRQ009_Handler                 
[WEAK]
  288 00000020                 EXPORT           IRQ010_Handler                 
[WEAK]
  289 00000020                 EXPORT           IRQ011_Handler                 
[WEAK]
  290 00000020                 EXPORT           IRQ012_Handler                 
[WEAK]
  291 00000020                 EXPORT           IRQ013_Handler                 
[WEAK]



ARM Macro Assembler    Page 9 


  292 00000020                 EXPORT           IRQ014_Handler                 
  [WEAK]
  293 00000020                 EXPORT           IRQ015_Handler                 
 [WEAK]
  294 00000020                 EXPORT           IRQ016_Handler              [WE
AK]
  295 00000020                 EXPORT           IRQ017_Handler              [WE
AK]
  296 00000020                 EXPORT           IRQ018_Handler             [WEA
K]
  297 00000020                 EXPORT           IRQ019_Handler             [WEA
K]
  298 00000020                 EXPORT           IRQ020_Handler                 
    [WEAK]
  299 00000020                 EXPORT           IRQ021_Handler             [WEA
K]
  300 00000020                 EXPORT           IRQ022_Handler                 
  [WEAK]
  301 00000020                 EXPORT           IRQ023_Handler                 
    [WEAK]
  302 00000020                 EXPORT           IRQ024_Handler                 
    [WEAK]
  303 00000020                 EXPORT           IRQ025_Handler                 
  [WEAK]
  304 00000020                 EXPORT           IRQ026_Handler                [
WEAK]
  305 00000020                 EXPORT           IRQ027_Handler                 
    [WEAK]
  306 00000020                 EXPORT           IRQ028_Handler             [WEA
K]
  307 00000020                 EXPORT           IRQ029_Handler           [WEAK]
  308 00000020                 EXPORT           IRQ031_Handler             [WEA
K]
  309 00000020                 EXPORT           IRQ033_Handler             [WEA
K]
  310 00000020                 EXPORT           IRQ034_Handler             [WEA
K]
  311 00000020                 EXPORT           IRQ035_Handler             [WEA
K]
  312 00000020                 EXPORT           IRQ036_Handler             [WEA
K]
  313 00000020                 EXPORT           IRQ037_Handler             [WEA
K]
  314 00000020                 EXPORT           IRQ038_Handler             [WEA
K]
  315 00000020                 EXPORT           IRQ039_Handler             [WEA
K]
  316 00000020                 EXPORT           IRQ041_Handler             [WEA
K]
  317 00000020                 EXPORT           IRQ042_Handler             [WEA
K]
  318 00000020                 EXPORT           IRQ044_Handler             [WEA
K]
  319 00000020                 EXPORT           IRQ046_Handler             [WEA
K]
  320 00000020                 EXPORT           IRQ047_Handler             [WEA
K]
  321 00000020                 EXPORT           IRQ048_Handler             [WEA
K]



ARM Macro Assembler    Page 10 


  322 00000020                 EXPORT           IRQ049_Handler             [WEA
K]
  323 00000020                 EXPORT           IRQ050_Handler             [WEA
K]
  324 00000020                 EXPORT           IRQ051_Handler             [WEA
K]
  325 00000020                 EXPORT           IRQ052_Handler             [WEA
K]
  326 00000020                 EXPORT           IRQ053_Handler             [WEA
K]
  327 00000020                 EXPORT           IRQ054_Handler             [WEA
K]
  328 00000020                 EXPORT           IRQ055_Handler             [WEA
K]
  329 00000020                 EXPORT           IRQ056_Handler             [WEA
K]
  330 00000020                 EXPORT           IRQ057_Handler             [WEA
K]
  331 00000020                 EXPORT           IRQ058_Handler             [WEA
K]
  332 00000020                 EXPORT           IRQ059_Handler             [WEA
K]
  333 00000020                 EXPORT           IRQ060_Handler             [WEA
K]
  334 00000020                 EXPORT           IRQ061_Handler             [WEA
K]
  335 00000020                 EXPORT           IRQ062_Handler             [WEA
K]
  336 00000020                 EXPORT           IRQ064_Handler             [WEA
K]
  337 00000020                 EXPORT           IRQ066_Handler             [WEA
K]
  338 00000020                 EXPORT           IRQ068_Handler             [WEA
K]
  339 00000020                 EXPORT           IRQ069_Handler             [WEA
K]
  340 00000020                 EXPORT           IRQ071_Handler             [WEA
K]
  341 00000020                 EXPORT           IRQ072_Handler             [WEA
K]
  342 00000020                 EXPORT           IRQ073_Handler             [WEA
K]
  343 00000020                 EXPORT           IRQ074_Handler             [WEA
K]
  344 00000020                 EXPORT           IRQ075_Handler             [WEA
K]
  345 00000020                 EXPORT           IRQ076_Handler             [WEA
K]
  346 00000020                 EXPORT           IRQ079_Handler             [WEA
K]
  347 00000020                 EXPORT           IRQ080_Handler             [WEA
K]
  348 00000020                 EXPORT           IRQ082_Handler             [WEA
K]
  349 00000020                 EXPORT           IRQ083_Handler             [WEA
K]
  350 00000020                 EXPORT           IRQ084_Handler             [WEA
K]
  351 00000020                 EXPORT           IRQ085_Handler             [WEA



ARM Macro Assembler    Page 11 


K]
  352 00000020                 EXPORT           IRQ086_Handler             [WEA
K]
  353 00000020                 EXPORT           IRQ087_Handler             [WEA
K]
  354 00000020                 EXPORT           IRQ088_Handler             [WEA
K]
  355 00000020                 EXPORT           IRQ089_Handler             [WEA
K]
  356 00000020                 EXPORT           IRQ090_Handler             [WEA
K]
  357 00000020                 EXPORT           IRQ091_Handler             [WEA
K]
  358 00000020                 EXPORT           IRQ092_Handler             [WEA
K]
  359 00000020                 EXPORT           IRQ093_Handler             [WEA
K]
  360 00000020                 EXPORT           IRQ095_Handler             [WEA
K]
  361 00000020                 EXPORT           IRQ097_Handler             [WEA
K]
  362 00000020                 EXPORT           wakeup                     [WEA
K]
  363 00000020         
  364 00000020         
  365 00000020         
  366 00000020         IRQ000_Handler
  367 00000020         IRQ001_Handler
  368 00000020         IRQ002_Handler
  369 00000020         IRQ003_Handler
  370 00000020         IRQ004_Handler
  371 00000020         IRQ005_Handler
  372 00000020         IRQ006_Handler
  373 00000020         IRQ007_Handler
  374 00000020         IRQ008_Handler
  375 00000020         IRQ009_Handler
  376 00000020         IRQ010_Handler
  377 00000020         IRQ011_Handler
  378 00000020         IRQ012_Handler
  379 00000020         IRQ013_Handler
  380 00000020         IRQ014_Handler
  381 00000020         IRQ015_Handler
  382 00000020         IRQ016_Handler
  383 00000020         IRQ017_Handler
  384 00000020         IRQ018_Handler
  385 00000020         IRQ019_Handler
  386 00000020         IRQ020_Handler
  387 00000020         IRQ021_Handler
  388 00000020         IRQ022_Handler
  389 00000020         IRQ023_Handler
  390 00000020         IRQ024_Handler
  391 00000020         IRQ025_Handler
  392 00000020         IRQ026_Handler
  393 00000020         IRQ027_Handler
  394 00000020         IRQ028_Handler
  395 00000020         IRQ029_Handler
  396 00000020         IRQ031_Handler
  397 00000020         IRQ033_Handler
  398 00000020         IRQ034_Handler



ARM Macro Assembler    Page 12 


  399 00000020         IRQ035_Handler
  400 00000020         IRQ036_Handler
  401 00000020         IRQ037_Handler
  402 00000020         IRQ038_Handler
  403 00000020         IRQ039_Handler
  404 00000020         IRQ041_Handler
  405 00000020         IRQ042_Handler
  406 00000020         IRQ043_Handler
  407 00000020         IRQ044_Handler
  408 00000020         IRQ046_Handler
  409 00000020         IRQ047_Handler
  410 00000020         IRQ048_Handler
  411 00000020         IRQ049_Handler
  412 00000020         IRQ050_Handler
  413 00000020         IRQ051_Handler
  414 00000020         IRQ052_Handler
  415 00000020         IRQ053_Handler
  416 00000020         IRQ054_Handler
  417 00000020         IRQ055_Handler
  418 00000020         IRQ056_Handler
  419 00000020         IRQ057_Handler
  420 00000020         IRQ058_Handler
  421 00000020         IRQ059_Handler
  422 00000020         IRQ060_Handler
  423 00000020         IRQ061_Handler
  424 00000020         IRQ062_Handler
  425 00000020         IRQ063_Handler
  426 00000020         IRQ064_Handler
  427 00000020         IRQ066_Handler
  428 00000020         IRQ068_Handler
  429 00000020         IRQ069_Handler
  430 00000020         IRQ071_Handler
  431 00000020         IRQ072_Handler
  432 00000020         IRQ073_Handler
  433 00000020         IRQ074_Handler
  434 00000020         IRQ075_Handler
  435 00000020         IRQ076_Handler
  436 00000020         IRQ079_Handler
  437 00000020         IRQ080_Handler
  438 00000020         IRQ082_Handler
  439 00000020         IRQ083_Handler
  440 00000020         IRQ084_Handler
  441 00000020         IRQ085_Handler
  442 00000020         IRQ086_Handler
  443 00000020         IRQ087_Handler
  444 00000020         IRQ088_Handler
  445 00000020         IRQ089_Handler
  446 00000020         IRQ090_Handler
  447 00000020         IRQ091_Handler
  448 00000020         IRQ092_Handler
  449 00000020         IRQ093_Handler
  450 00000020         IRQ095_Handler
  451 00000020         IRQ097_Handler
  452 00000020         wakeup
  453 00000020         
  454 00000020 E7FE            B                .
  455 00000022         
  456 00000022                 ENDP
  457 00000022         



ARM Macro Assembler    Page 13 


  458 00000022 00 00           ALIGN
  459 00000024         
  460 00000024         
  461 00000024         ; User Initial Stack & Heap
  462 00000024         
  463 00000024                 IF               :DEF:__MICROLIB
  464 00000024         
  465 00000024                 EXPORT           __initial_sp
  466 00000024                 EXPORT           __heap_base
  467 00000024                 EXPORT           __heap_limit
  468 00000024         
  469 00000024                 ELSE
  484                          ENDIF
  485 00000024         
  486 00000024         
  487 00000024                 END
              00000000 
              00000000 
Command Line: --debug --xref --diag_suppress=9931 --cpu=Cortex-M4.fp --apcs=int
erwork --depend=.\objects\startup_rs1xxxx.d -o.\objects\startup_rs1xxxx.o -I.\R
TE\_WiseMCU -IC:\Users\Logan\AppData\Local\Arm\Packs\Redpine\RS14100_DFP\1.0.5\
Driver\Common\chip\inc -IC:\Keil_v5\ARM\CMSIS\Include --predefine="__EVAL SETA 
1" --predefine="__MICROLIB SETA 1" --predefine="__UVISION_VERSION SETA 528" --l
ist=.\listings\startup_rs1xxxx.lst ..\..\startup\startup_RS1xxxx.s



ARM Macro Assembler    Page 1 Alphabetic symbol ordering
Relocatable symbols

STACK 00000000

Symbol: STACK
   Definitions
      At line 48 in file ..\..\startup\startup_RS1xxxx.s
   Uses
      None
Comment: STACK unused
Stack_Mem 00000000

Symbol: Stack_Mem
   Definitions
      At line 49 in file ..\..\startup\startup_RS1xxxx.s
   Uses
      None
Comment: Stack_Mem unused
__initial_sp 00000C00

Symbol: __initial_sp
   Definitions
      At line 50 in file ..\..\startup\startup_RS1xxxx.s
   Uses
      At line 126 in file ..\..\startup\startup_RS1xxxx.s
      At line 465 in file ..\..\startup\startup_RS1xxxx.s

3 symbols



ARM Macro Assembler    Page 1 Alphabetic symbol ordering
Relocatable symbols

HEAP 00000000

Symbol: HEAP
   Definitions
      At line 59 in file ..\..\startup\startup_RS1xxxx.s
   Uses
      None
Comment: HEAP unused
Heap_Mem 00000000

Symbol: Heap_Mem
   Definitions
      At line 61 in file ..\..\startup\startup_RS1xxxx.s
   Uses
      None
Comment: Heap_Mem unused
__heap_base 00000000

Symbol: __heap_base
   Definitions
      At line 60 in file ..\..\startup\startup_RS1xxxx.s
   Uses
      At line 466 in file ..\..\startup\startup_RS1xxxx.s
Comment: __heap_base used once
__heap_limit 00000C00

Symbol: __heap_limit
   Definitions
      At line 62 in file ..\..\startup\startup_RS1xxxx.s
   Uses
      At line 467 in file ..\..\startup\startup_RS1xxxx.s
Comment: __heap_limit used once
4 symbols



ARM Macro Assembler    Page 1 Alphabetic symbol ordering
Relocatable symbols

RESET 00000000

Symbol: RESET
   Definitions
      At line 71 in file ..\..\startup\startup_RS1xxxx.s
   Uses
      None
Comment: RESET unused
__Vectors 00000000

Symbol: __Vectors
   Definitions
      At line 78 in file ..\..\startup\startup_RS1xxxx.s
   Uses
      At line 72 in file ..\..\startup\startup_RS1xxxx.s
      At line 198 in file ..\..\startup\startup_RS1xxxx.s

__Vectors_End 000001C8

Symbol: __Vectors_End
   Definitions
      At line 196 in file ..\..\startup\startup_RS1xxxx.s
   Uses
      At line 73 in file ..\..\startup\startup_RS1xxxx.s
      At line 198 in file ..\..\startup\startup_RS1xxxx.s

3 symbols



ARM Macro Assembler    Page 1 Alphabetic symbol ordering
Relocatable symbols

.text 00000000

Symbol: .text
   Definitions
      At line 201 in file ..\..\startup\startup_RS1xxxx.s
   Uses
      None
Comment: .text unused
BusFault_Handler 0000000E

Symbol: BusFault_Handler
   Definitions
      At line 235 in file ..\..\startup\startup_RS1xxxx.s
   Uses
      At line 83 in file ..\..\startup\startup_RS1xxxx.s
      At line 236 in file ..\..\startup\startup_RS1xxxx.s

DebugMon_Handler 00000014

Symbol: DebugMon_Handler
   Definitions
      At line 249 in file ..\..\startup\startup_RS1xxxx.s
   Uses
      At line 90 in file ..\..\startup\startup_RS1xxxx.s
      At line 250 in file ..\..\startup\startup_RS1xxxx.s

Default_Handler 00000020

Symbol: Default_Handler
   Definitions
      At line 276 in file ..\..\startup\startup_RS1xxxx.s
   Uses
      None
Comment: Default_Handler unused
HIF1_IRQHandler 0000001A

Symbol: HIF1_IRQHandler
   Definitions
      At line 261 in file ..\..\startup\startup_RS1xxxx.s
   Uses
      At line 131 in file ..\..\startup\startup_RS1xxxx.s
      At line 262 in file ..\..\startup\startup_RS1xxxx.s

HIF2_IRQHandler 0000001C

Symbol: HIF2_IRQHandler
   Definitions
      At line 266 in file ..\..\startup\startup_RS1xxxx.s
   Uses
      At line 132 in file ..\..\startup\startup_RS1xxxx.s
      At line 267 in file ..\..\startup\startup_RS1xxxx.s

HardFault_Handler 0000000A

Symbol: HardFault_Handler
   Definitions
      At line 225 in file ..\..\startup\startup_RS1xxxx.s
   Uses
      At line 81 in file ..\..\startup\startup_RS1xxxx.s



ARM Macro Assembler    Page 2 Alphabetic symbol ordering
Relocatable symbols

      At line 226 in file ..\..\startup\startup_RS1xxxx.s

IRQ000_Handler 00000020

Symbol: IRQ000_Handler
   Definitions
      At line 366 in file ..\..\startup\startup_RS1xxxx.s
   Uses
      At line 96 in file ..\..\startup\startup_RS1xxxx.s
      At line 278 in file ..\..\startup\startup_RS1xxxx.s

IRQ001_Handler 00000020

Symbol: IRQ001_Handler
   Definitions
      At line 367 in file ..\..\startup\startup_RS1xxxx.s
   Uses
      At line 97 in file ..\..\startup\startup_RS1xxxx.s
      At line 279 in file ..\..\startup\startup_RS1xxxx.s

IRQ002_Handler 00000020

Symbol: IRQ002_Handler
   Definitions
      At line 368 in file ..\..\startup\startup_RS1xxxx.s
   Uses
      At line 98 in file ..\..\startup\startup_RS1xxxx.s
      At line 280 in file ..\..\startup\startup_RS1xxxx.s

IRQ003_Handler 00000020

Symbol: IRQ003_Handler
   Definitions
      At line 369 in file ..\..\startup\startup_RS1xxxx.s
   Uses
      At line 99 in file ..\..\startup\startup_RS1xxxx.s
      At line 281 in file ..\..\startup\startup_RS1xxxx.s

IRQ004_Handler 00000020

Symbol: IRQ004_Handler
   Definitions
      At line 370 in file ..\..\startup\startup_RS1xxxx.s
   Uses
      At line 100 in file ..\..\startup\startup_RS1xxxx.s
      At line 282 in file ..\..\startup\startup_RS1xxxx.s

IRQ005_Handler 00000020

Symbol: IRQ005_Handler
   Definitions
      At line 371 in file ..\..\startup\startup_RS1xxxx.s
   Uses
      At line 101 in file ..\..\startup\startup_RS1xxxx.s
      At line 283 in file ..\..\startup\startup_RS1xxxx.s

IRQ006_Handler 00000020

Symbol: IRQ006_Handler



ARM Macro Assembler    Page 3 Alphabetic symbol ordering
Relocatable symbols

   Definitions
      At line 372 in file ..\..\startup\startup_RS1xxxx.s
   Uses
      At line 102 in file ..\..\startup\startup_RS1xxxx.s
      At line 284 in file ..\..\startup\startup_RS1xxxx.s

IRQ007_Handler 00000020

Symbol: IRQ007_Handler
   Definitions
      At line 373 in file ..\..\startup\startup_RS1xxxx.s
   Uses
      At line 103 in file ..\..\startup\startup_RS1xxxx.s
      At line 285 in file ..\..\startup\startup_RS1xxxx.s

IRQ008_Handler 00000020

Symbol: IRQ008_Handler
   Definitions
      At line 374 in file ..\..\startup\startup_RS1xxxx.s
   Uses
      At line 104 in file ..\..\startup\startup_RS1xxxx.s
      At line 286 in file ..\..\startup\startup_RS1xxxx.s

IRQ009_Handler 00000020

Symbol: IRQ009_Handler
   Definitions
      At line 375 in file ..\..\startup\startup_RS1xxxx.s
   Uses
      At line 105 in file ..\..\startup\startup_RS1xxxx.s
      At line 287 in file ..\..\startup\startup_RS1xxxx.s

IRQ010_Handler 00000020

Symbol: IRQ010_Handler
   Definitions
      At line 376 in file ..\..\startup\startup_RS1xxxx.s
   Uses
      At line 106 in file ..\..\startup\startup_RS1xxxx.s
      At line 288 in file ..\..\startup\startup_RS1xxxx.s

IRQ011_Handler 00000020

Symbol: IRQ011_Handler
   Definitions
      At line 377 in file ..\..\startup\startup_RS1xxxx.s
   Uses
      At line 107 in file ..\..\startup\startup_RS1xxxx.s
      At line 289 in file ..\..\startup\startup_RS1xxxx.s

IRQ012_Handler 00000020

Symbol: IRQ012_Handler
   Definitions
      At line 378 in file ..\..\startup\startup_RS1xxxx.s
   Uses
      At line 108 in file ..\..\startup\startup_RS1xxxx.s
      At line 290 in file ..\..\startup\startup_RS1xxxx.s



ARM Macro Assembler    Page 4 Alphabetic symbol ordering
Relocatable symbols


IRQ013_Handler 00000020

Symbol: IRQ013_Handler
   Definitions
      At line 379 in file ..\..\startup\startup_RS1xxxx.s
   Uses
      At line 109 in file ..\..\startup\startup_RS1xxxx.s
      At line 291 in file ..\..\startup\startup_RS1xxxx.s

IRQ014_Handler 00000020

Symbol: IRQ014_Handler
   Definitions
      At line 380 in file ..\..\startup\startup_RS1xxxx.s
   Uses
      At line 110 in file ..\..\startup\startup_RS1xxxx.s
      At line 292 in file ..\..\startup\startup_RS1xxxx.s

IRQ015_Handler 00000020

Symbol: IRQ015_Handler
   Definitions
      At line 381 in file ..\..\startup\startup_RS1xxxx.s
   Uses
      At line 111 in file ..\..\startup\startup_RS1xxxx.s
      At line 293 in file ..\..\startup\startup_RS1xxxx.s

IRQ016_Handler 00000020

Symbol: IRQ016_Handler
   Definitions
      At line 382 in file ..\..\startup\startup_RS1xxxx.s
   Uses
      At line 112 in file ..\..\startup\startup_RS1xxxx.s
      At line 294 in file ..\..\startup\startup_RS1xxxx.s

IRQ017_Handler 00000020

Symbol: IRQ017_Handler
   Definitions
      At line 383 in file ..\..\startup\startup_RS1xxxx.s
   Uses
      At line 113 in file ..\..\startup\startup_RS1xxxx.s
      At line 295 in file ..\..\startup\startup_RS1xxxx.s

IRQ018_Handler 00000020

Symbol: IRQ018_Handler
   Definitions
      At line 384 in file ..\..\startup\startup_RS1xxxx.s
   Uses
      At line 114 in file ..\..\startup\startup_RS1xxxx.s
      At line 296 in file ..\..\startup\startup_RS1xxxx.s

IRQ019_Handler 00000020

Symbol: IRQ019_Handler
   Definitions



ARM Macro Assembler    Page 5 Alphabetic symbol ordering
Relocatable symbols

      At line 385 in file ..\..\startup\startup_RS1xxxx.s
   Uses
      At line 115 in file ..\..\startup\startup_RS1xxxx.s
      At line 297 in file ..\..\startup\startup_RS1xxxx.s

IRQ020_Handler 00000020

Symbol: IRQ020_Handler
   Definitions
      At line 386 in file ..\..\startup\startup_RS1xxxx.s
   Uses
      At line 116 in file ..\..\startup\startup_RS1xxxx.s
      At line 298 in file ..\..\startup\startup_RS1xxxx.s

IRQ021_Handler 00000020

Symbol: IRQ021_Handler
   Definitions
      At line 387 in file ..\..\startup\startup_RS1xxxx.s
   Uses
      At line 117 in file ..\..\startup\startup_RS1xxxx.s
      At line 299 in file ..\..\startup\startup_RS1xxxx.s

IRQ022_Handler 00000020

Symbol: IRQ022_Handler
   Definitions
      At line 388 in file ..\..\startup\startup_RS1xxxx.s
   Uses
      At line 118 in file ..\..\startup\startup_RS1xxxx.s
      At line 300 in file ..\..\startup\startup_RS1xxxx.s

IRQ023_Handler 00000020

Symbol: IRQ023_Handler
   Definitions
      At line 389 in file ..\..\startup\startup_RS1xxxx.s
   Uses
      At line 119 in file ..\..\startup\startup_RS1xxxx.s
      At line 301 in file ..\..\startup\startup_RS1xxxx.s

IRQ024_Handler 00000020

Symbol: IRQ024_Handler
   Definitions
      At line 390 in file ..\..\startup\startup_RS1xxxx.s
   Uses
      At line 120 in file ..\..\startup\startup_RS1xxxx.s
      At line 302 in file ..\..\startup\startup_RS1xxxx.s

IRQ025_Handler 00000020

Symbol: IRQ025_Handler
   Definitions
      At line 391 in file ..\..\startup\startup_RS1xxxx.s
   Uses
      At line 121 in file ..\..\startup\startup_RS1xxxx.s
      At line 303 in file ..\..\startup\startup_RS1xxxx.s




ARM Macro Assembler    Page 6 Alphabetic symbol ordering
Relocatable symbols

IRQ026_Handler 00000020

Symbol: IRQ026_Handler
   Definitions
      At line 392 in file ..\..\startup\startup_RS1xxxx.s
   Uses
      At line 122 in file ..\..\startup\startup_RS1xxxx.s
      At line 304 in file ..\..\startup\startup_RS1xxxx.s

IRQ027_Handler 00000020

Symbol: IRQ027_Handler
   Definitions
      At line 393 in file ..\..\startup\startup_RS1xxxx.s
   Uses
      At line 123 in file ..\..\startup\startup_RS1xxxx.s
      At line 305 in file ..\..\startup\startup_RS1xxxx.s

IRQ028_Handler 00000020

Symbol: IRQ028_Handler
   Definitions
      At line 394 in file ..\..\startup\startup_RS1xxxx.s
   Uses
      At line 124 in file ..\..\startup\startup_RS1xxxx.s
      At line 306 in file ..\..\startup\startup_RS1xxxx.s

IRQ029_Handler 00000020

Symbol: IRQ029_Handler
   Definitions
      At line 395 in file ..\..\startup\startup_RS1xxxx.s
   Uses
      At line 125 in file ..\..\startup\startup_RS1xxxx.s
      At line 307 in file ..\..\startup\startup_RS1xxxx.s

IRQ031_Handler 00000020

Symbol: IRQ031_Handler
   Definitions
      At line 396 in file ..\..\startup\startup_RS1xxxx.s
   Uses
      At line 127 in file ..\..\startup\startup_RS1xxxx.s
      At line 308 in file ..\..\startup\startup_RS1xxxx.s

IRQ033_Handler 00000020

Symbol: IRQ033_Handler
   Definitions
      At line 397 in file ..\..\startup\startup_RS1xxxx.s
   Uses
      At line 129 in file ..\..\startup\startup_RS1xxxx.s
      At line 309 in file ..\..\startup\startup_RS1xxxx.s

IRQ034_Handler 00000020

Symbol: IRQ034_Handler
   Definitions
      At line 398 in file ..\..\startup\startup_RS1xxxx.s



ARM Macro Assembler    Page 7 Alphabetic symbol ordering
Relocatable symbols

   Uses
      At line 130 in file ..\..\startup\startup_RS1xxxx.s
      At line 310 in file ..\..\startup\startup_RS1xxxx.s

IRQ035_Handler 00000020

Symbol: IRQ035_Handler
   Definitions
      At line 399 in file ..\..\startup\startup_RS1xxxx.s
   Uses
      At line 311 in file ..\..\startup\startup_RS1xxxx.s
Comment: IRQ035_Handler used once
IRQ036_Handler 00000020

Symbol: IRQ036_Handler
   Definitions
      At line 400 in file ..\..\startup\startup_RS1xxxx.s
   Uses
      At line 312 in file ..\..\startup\startup_RS1xxxx.s
Comment: IRQ036_Handler used once
IRQ037_Handler 00000020

Symbol: IRQ037_Handler
   Definitions
      At line 401 in file ..\..\startup\startup_RS1xxxx.s
   Uses
      At line 133 in file ..\..\startup\startup_RS1xxxx.s
      At line 313 in file ..\..\startup\startup_RS1xxxx.s

IRQ038_Handler 00000020

Symbol: IRQ038_Handler
   Definitions
      At line 402 in file ..\..\startup\startup_RS1xxxx.s
   Uses
      At line 134 in file ..\..\startup\startup_RS1xxxx.s
      At line 314 in file ..\..\startup\startup_RS1xxxx.s

IRQ039_Handler 00000020

Symbol: IRQ039_Handler
   Definitions
      At line 403 in file ..\..\startup\startup_RS1xxxx.s
   Uses
      At line 135 in file ..\..\startup\startup_RS1xxxx.s
      At line 315 in file ..\..\startup\startup_RS1xxxx.s

IRQ041_Handler 00000020

Symbol: IRQ041_Handler
   Definitions
      At line 404 in file ..\..\startup\startup_RS1xxxx.s
   Uses
      At line 137 in file ..\..\startup\startup_RS1xxxx.s
      At line 316 in file ..\..\startup\startup_RS1xxxx.s

IRQ042_Handler 00000020

Symbol: IRQ042_Handler



ARM Macro Assembler    Page 8 Alphabetic symbol ordering
Relocatable symbols

   Definitions
      At line 405 in file ..\..\startup\startup_RS1xxxx.s
   Uses
      At line 138 in file ..\..\startup\startup_RS1xxxx.s
      At line 317 in file ..\..\startup\startup_RS1xxxx.s

IRQ043_Handler 00000020

Symbol: IRQ043_Handler
   Definitions
      At line 406 in file ..\..\startup\startup_RS1xxxx.s
   Uses
      None
Comment: IRQ043_Handler unused
IRQ044_Handler 00000020

Symbol: IRQ044_Handler
   Definitions
      At line 407 in file ..\..\startup\startup_RS1xxxx.s
   Uses
      At line 140 in file ..\..\startup\startup_RS1xxxx.s
      At line 318 in file ..\..\startup\startup_RS1xxxx.s

IRQ046_Handler 00000020

Symbol: IRQ046_Handler
   Definitions
      At line 408 in file ..\..\startup\startup_RS1xxxx.s
   Uses
      At line 142 in file ..\..\startup\startup_RS1xxxx.s
      At line 319 in file ..\..\startup\startup_RS1xxxx.s

IRQ047_Handler 00000020

Symbol: IRQ047_Handler
   Definitions
      At line 409 in file ..\..\startup\startup_RS1xxxx.s
   Uses
      At line 143 in file ..\..\startup\startup_RS1xxxx.s
      At line 320 in file ..\..\startup\startup_RS1xxxx.s

IRQ048_Handler 00000020

Symbol: IRQ048_Handler
   Definitions
      At line 410 in file ..\..\startup\startup_RS1xxxx.s
   Uses
      At line 144 in file ..\..\startup\startup_RS1xxxx.s
      At line 321 in file ..\..\startup\startup_RS1xxxx.s

IRQ049_Handler 00000020

Symbol: IRQ049_Handler
   Definitions
      At line 411 in file ..\..\startup\startup_RS1xxxx.s
   Uses
      At line 145 in file ..\..\startup\startup_RS1xxxx.s
      At line 322 in file ..\..\startup\startup_RS1xxxx.s




ARM Macro Assembler    Page 9 Alphabetic symbol ordering
Relocatable symbols

IRQ050_Handler 00000020

Symbol: IRQ050_Handler
   Definitions
      At line 412 in file ..\..\startup\startup_RS1xxxx.s
   Uses
      At line 146 in file ..\..\startup\startup_RS1xxxx.s
      At line 323 in file ..\..\startup\startup_RS1xxxx.s

IRQ051_Handler 00000020

Symbol: IRQ051_Handler
   Definitions
      At line 413 in file ..\..\startup\startup_RS1xxxx.s
   Uses
      At line 147 in file ..\..\startup\startup_RS1xxxx.s
      At line 324 in file ..\..\startup\startup_RS1xxxx.s

IRQ052_Handler 00000020

Symbol: IRQ052_Handler
   Definitions
      At line 414 in file ..\..\startup\startup_RS1xxxx.s
   Uses
      At line 148 in file ..\..\startup\startup_RS1xxxx.s
      At line 325 in file ..\..\startup\startup_RS1xxxx.s

IRQ053_Handler 00000020

Symbol: IRQ053_Handler
   Definitions
      At line 415 in file ..\..\startup\startup_RS1xxxx.s
   Uses
      At line 149 in file ..\..\startup\startup_RS1xxxx.s
      At line 326 in file ..\..\startup\startup_RS1xxxx.s

IRQ054_Handler 00000020

Symbol: IRQ054_Handler
   Definitions
      At line 416 in file ..\..\startup\startup_RS1xxxx.s
   Uses
      At line 150 in file ..\..\startup\startup_RS1xxxx.s
      At line 327 in file ..\..\startup\startup_RS1xxxx.s

IRQ055_Handler 00000020

Symbol: IRQ055_Handler
   Definitions
      At line 417 in file ..\..\startup\startup_RS1xxxx.s
   Uses
      At line 151 in file ..\..\startup\startup_RS1xxxx.s
      At line 328 in file ..\..\startup\startup_RS1xxxx.s

IRQ056_Handler 00000020

Symbol: IRQ056_Handler
   Definitions
      At line 418 in file ..\..\startup\startup_RS1xxxx.s



ARM Macro Assembler    Page 10 Alphabetic symbol ordering
Relocatable symbols

   Uses
      At line 152 in file ..\..\startup\startup_RS1xxxx.s
      At line 329 in file ..\..\startup\startup_RS1xxxx.s

IRQ057_Handler 00000020

Symbol: IRQ057_Handler
   Definitions
      At line 419 in file ..\..\startup\startup_RS1xxxx.s
   Uses
      At line 153 in file ..\..\startup\startup_RS1xxxx.s
      At line 330 in file ..\..\startup\startup_RS1xxxx.s

IRQ058_Handler 00000020

Symbol: IRQ058_Handler
   Definitions
      At line 420 in file ..\..\startup\startup_RS1xxxx.s
   Uses
      At line 154 in file ..\..\startup\startup_RS1xxxx.s
      At line 331 in file ..\..\startup\startup_RS1xxxx.s

IRQ059_Handler 00000020

Symbol: IRQ059_Handler
   Definitions
      At line 421 in file ..\..\startup\startup_RS1xxxx.s
   Uses
      At line 155 in file ..\..\startup\startup_RS1xxxx.s
      At line 332 in file ..\..\startup\startup_RS1xxxx.s

IRQ060_Handler 00000020

Symbol: IRQ060_Handler
   Definitions
      At line 422 in file ..\..\startup\startup_RS1xxxx.s
   Uses
      At line 156 in file ..\..\startup\startup_RS1xxxx.s
      At line 333 in file ..\..\startup\startup_RS1xxxx.s

IRQ061_Handler 00000020

Symbol: IRQ061_Handler
   Definitions
      At line 423 in file ..\..\startup\startup_RS1xxxx.s
   Uses
      At line 157 in file ..\..\startup\startup_RS1xxxx.s
      At line 334 in file ..\..\startup\startup_RS1xxxx.s

IRQ062_Handler 00000020

Symbol: IRQ062_Handler
   Definitions
      At line 424 in file ..\..\startup\startup_RS1xxxx.s
   Uses
      At line 158 in file ..\..\startup\startup_RS1xxxx.s
      At line 335 in file ..\..\startup\startup_RS1xxxx.s

IRQ063_Handler 00000020



ARM Macro Assembler    Page 11 Alphabetic symbol ordering
Relocatable symbols


Symbol: IRQ063_Handler
   Definitions
      At line 425 in file ..\..\startup\startup_RS1xxxx.s
   Uses
      At line 159 in file ..\..\startup\startup_RS1xxxx.s
Comment: IRQ063_Handler used once
IRQ064_Handler 00000020

Symbol: IRQ064_Handler
   Definitions
      At line 426 in file ..\..\startup\startup_RS1xxxx.s
   Uses
      At line 160 in file ..\..\startup\startup_RS1xxxx.s
      At line 336 in file ..\..\startup\startup_RS1xxxx.s

IRQ066_Handler 00000020

Symbol: IRQ066_Handler
   Definitions
      At line 427 in file ..\..\startup\startup_RS1xxxx.s
   Uses
      At line 162 in file ..\..\startup\startup_RS1xxxx.s
      At line 337 in file ..\..\startup\startup_RS1xxxx.s

IRQ068_Handler 00000020

Symbol: IRQ068_Handler
   Definitions
      At line 428 in file ..\..\startup\startup_RS1xxxx.s
   Uses
      At line 164 in file ..\..\startup\startup_RS1xxxx.s
      At line 338 in file ..\..\startup\startup_RS1xxxx.s

IRQ069_Handler 00000020

Symbol: IRQ069_Handler
   Definitions
      At line 429 in file ..\..\startup\startup_RS1xxxx.s
   Uses
      At line 165 in file ..\..\startup\startup_RS1xxxx.s
      At line 339 in file ..\..\startup\startup_RS1xxxx.s

IRQ071_Handler 00000020

Symbol: IRQ071_Handler
   Definitions
      At line 430 in file ..\..\startup\startup_RS1xxxx.s
   Uses
      At line 167 in file ..\..\startup\startup_RS1xxxx.s
      At line 340 in file ..\..\startup\startup_RS1xxxx.s

IRQ072_Handler 00000020

Symbol: IRQ072_Handler
   Definitions
      At line 431 in file ..\..\startup\startup_RS1xxxx.s
   Uses
      At line 168 in file ..\..\startup\startup_RS1xxxx.s



ARM Macro Assembler    Page 12 Alphabetic symbol ordering
Relocatable symbols

      At line 341 in file ..\..\startup\startup_RS1xxxx.s

IRQ073_Handler 00000020

Symbol: IRQ073_Handler
   Definitions
      At line 432 in file ..\..\startup\startup_RS1xxxx.s
   Uses
      At line 169 in file ..\..\startup\startup_RS1xxxx.s
      At line 342 in file ..\..\startup\startup_RS1xxxx.s

IRQ074_Handler 00000020

Symbol: IRQ074_Handler
   Definitions
      At line 433 in file ..\..\startup\startup_RS1xxxx.s
   Uses
      At line 170 in file ..\..\startup\startup_RS1xxxx.s
      At line 343 in file ..\..\startup\startup_RS1xxxx.s

IRQ075_Handler 00000020

Symbol: IRQ075_Handler
   Definitions
      At line 434 in file ..\..\startup\startup_RS1xxxx.s
   Uses
      At line 171 in file ..\..\startup\startup_RS1xxxx.s
      At line 344 in file ..\..\startup\startup_RS1xxxx.s

IRQ076_Handler 00000020

Symbol: IRQ076_Handler
   Definitions
      At line 435 in file ..\..\startup\startup_RS1xxxx.s
   Uses
      At line 172 in file ..\..\startup\startup_RS1xxxx.s
      At line 345 in file ..\..\startup\startup_RS1xxxx.s

IRQ079_Handler 00000020

Symbol: IRQ079_Handler
   Definitions
      At line 436 in file ..\..\startup\startup_RS1xxxx.s
   Uses
      At line 175 in file ..\..\startup\startup_RS1xxxx.s
      At line 346 in file ..\..\startup\startup_RS1xxxx.s

IRQ080_Handler 00000020

Symbol: IRQ080_Handler
   Definitions
      At line 437 in file ..\..\startup\startup_RS1xxxx.s
   Uses
      At line 176 in file ..\..\startup\startup_RS1xxxx.s
      At line 347 in file ..\..\startup\startup_RS1xxxx.s

IRQ082_Handler 00000020

Symbol: IRQ082_Handler



ARM Macro Assembler    Page 13 Alphabetic symbol ordering
Relocatable symbols

   Definitions
      At line 438 in file ..\..\startup\startup_RS1xxxx.s
   Uses
      At line 178 in file ..\..\startup\startup_RS1xxxx.s
      At line 348 in file ..\..\startup\startup_RS1xxxx.s

IRQ083_Handler 00000020

Symbol: IRQ083_Handler
   Definitions
      At line 439 in file ..\..\startup\startup_RS1xxxx.s
   Uses
      At line 179 in file ..\..\startup\startup_RS1xxxx.s
      At line 349 in file ..\..\startup\startup_RS1xxxx.s

IRQ084_Handler 00000020

Symbol: IRQ084_Handler
   Definitions
      At line 440 in file ..\..\startup\startup_RS1xxxx.s
   Uses
      At line 180 in file ..\..\startup\startup_RS1xxxx.s
      At line 350 in file ..\..\startup\startup_RS1xxxx.s

IRQ085_Handler 00000020

Symbol: IRQ085_Handler
   Definitions
      At line 441 in file ..\..\startup\startup_RS1xxxx.s
   Uses
      At line 181 in file ..\..\startup\startup_RS1xxxx.s
      At line 351 in file ..\..\startup\startup_RS1xxxx.s

IRQ086_Handler 00000020

Symbol: IRQ086_Handler
   Definitions
      At line 442 in file ..\..\startup\startup_RS1xxxx.s
   Uses
      At line 182 in file ..\..\startup\startup_RS1xxxx.s
      At line 352 in file ..\..\startup\startup_RS1xxxx.s

IRQ087_Handler 00000020

Symbol: IRQ087_Handler
   Definitions
      At line 443 in file ..\..\startup\startup_RS1xxxx.s
   Uses
      At line 183 in file ..\..\startup\startup_RS1xxxx.s
      At line 353 in file ..\..\startup\startup_RS1xxxx.s

IRQ088_Handler 00000020

Symbol: IRQ088_Handler
   Definitions
      At line 444 in file ..\..\startup\startup_RS1xxxx.s
   Uses
      At line 184 in file ..\..\startup\startup_RS1xxxx.s
      At line 354 in file ..\..\startup\startup_RS1xxxx.s



ARM Macro Assembler    Page 14 Alphabetic symbol ordering
Relocatable symbols


IRQ089_Handler 00000020

Symbol: IRQ089_Handler
   Definitions
      At line 445 in file ..\..\startup\startup_RS1xxxx.s
   Uses
      At line 185 in file ..\..\startup\startup_RS1xxxx.s
      At line 355 in file ..\..\startup\startup_RS1xxxx.s

IRQ090_Handler 00000020

Symbol: IRQ090_Handler
   Definitions
      At line 446 in file ..\..\startup\startup_RS1xxxx.s
   Uses
      At line 186 in file ..\..\startup\startup_RS1xxxx.s
      At line 356 in file ..\..\startup\startup_RS1xxxx.s

IRQ091_Handler 00000020

Symbol: IRQ091_Handler
   Definitions
      At line 447 in file ..\..\startup\startup_RS1xxxx.s
   Uses
      At line 187 in file ..\..\startup\startup_RS1xxxx.s
      At line 357 in file ..\..\startup\startup_RS1xxxx.s

IRQ092_Handler 00000020

Symbol: IRQ092_Handler
   Definitions
      At line 448 in file ..\..\startup\startup_RS1xxxx.s
   Uses
      At line 188 in file ..\..\startup\startup_RS1xxxx.s
      At line 358 in file ..\..\startup\startup_RS1xxxx.s

IRQ093_Handler 00000020

Symbol: IRQ093_Handler
   Definitions
      At line 449 in file ..\..\startup\startup_RS1xxxx.s
   Uses
      At line 189 in file ..\..\startup\startup_RS1xxxx.s
      At line 359 in file ..\..\startup\startup_RS1xxxx.s

IRQ095_Handler 00000020

Symbol: IRQ095_Handler
   Definitions
      At line 450 in file ..\..\startup\startup_RS1xxxx.s
   Uses
      At line 191 in file ..\..\startup\startup_RS1xxxx.s
      At line 360 in file ..\..\startup\startup_RS1xxxx.s

IRQ097_Handler 00000020

Symbol: IRQ097_Handler
   Definitions



ARM Macro Assembler    Page 15 Alphabetic symbol ordering
Relocatable symbols

      At line 451 in file ..\..\startup\startup_RS1xxxx.s
   Uses
      At line 193 in file ..\..\startup\startup_RS1xxxx.s
      At line 361 in file ..\..\startup\startup_RS1xxxx.s

MemManage_Handler 0000000C

Symbol: MemManage_Handler
   Definitions
      At line 230 in file ..\..\startup\startup_RS1xxxx.s
   Uses
      At line 82 in file ..\..\startup\startup_RS1xxxx.s
      At line 231 in file ..\..\startup\startup_RS1xxxx.s

NMI_Handler 00000008

Symbol: NMI_Handler
   Definitions
      At line 220 in file ..\..\startup\startup_RS1xxxx.s
   Uses
      At line 80 in file ..\..\startup\startup_RS1xxxx.s
      At line 221 in file ..\..\startup\startup_RS1xxxx.s

PendSV_Handler 00000016

Symbol: PendSV_Handler
   Definitions
      At line 253 in file ..\..\startup\startup_RS1xxxx.s
   Uses
      At line 92 in file ..\..\startup\startup_RS1xxxx.s
      At line 254 in file ..\..\startup\startup_RS1xxxx.s

Reset_Handler 00000000

Symbol: Reset_Handler
   Definitions
      At line 206 in file ..\..\startup\startup_RS1xxxx.s
   Uses
      At line 128 in file ..\..\startup\startup_RS1xxxx.s
      At line 207 in file ..\..\startup\startup_RS1xxxx.s

SVC_Handler 00000012

Symbol: SVC_Handler
   Definitions
      At line 244 in file ..\..\startup\startup_RS1xxxx.s
   Uses
      At line 89 in file ..\..\startup\startup_RS1xxxx.s
      At line 245 in file ..\..\startup\startup_RS1xxxx.s

SysTick_Handler 00000018

Symbol: SysTick_Handler
   Definitions
      At line 257 in file ..\..\startup\startup_RS1xxxx.s
   Uses
      At line 93 in file ..\..\startup\startup_RS1xxxx.s
      At line 258 in file ..\..\startup\startup_RS1xxxx.s




ARM Macro Assembler    Page 16 Alphabetic symbol ordering
Relocatable symbols

TASS_P2P_INTR 0000001E

Symbol: TASS_P2P_INTR
   Definitions
      At line 271 in file ..\..\startup\startup_RS1xxxx.s
   Uses
      At line 272 in file ..\..\startup\startup_RS1xxxx.s
Comment: TASS_P2P_INTR used once
UsageFault_Handler 00000010

Symbol: UsageFault_Handler
   Definitions
      At line 240 in file ..\..\startup\startup_RS1xxxx.s
   Uses
      At line 84 in file ..\..\startup\startup_RS1xxxx.s
      At line 241 in file ..\..\startup\startup_RS1xxxx.s

wakeup 00000020

Symbol: wakeup
   Definitions
      At line 452 in file ..\..\startup\startup_RS1xxxx.s
   Uses
      At line 362 in file ..\..\startup\startup_RS1xxxx.s
Comment: wakeup used once
102 symbols



ARM Macro Assembler    Page 1 Alphabetic symbol ordering
Absolute symbols

Heap_Size 00000C00

Symbol: Heap_Size
   Definitions
      At line 57 in file ..\..\startup\startup_RS1xxxx.s
   Uses
      At line 61 in file ..\..\startup\startup_RS1xxxx.s
Comment: Heap_Size used once
Stack_Size 00000C00

Symbol: Stack_Size
   Definitions
      At line 46 in file ..\..\startup\startup_RS1xxxx.s
   Uses
      At line 49 in file ..\..\startup\startup_RS1xxxx.s
Comment: Stack_Size used once
__Vectors_Size 000001C8

Symbol: __Vectors_Size
   Definitions
      At line 198 in file ..\..\startup\startup_RS1xxxx.s
   Uses
      At line 74 in file ..\..\startup\startup_RS1xxxx.s
Comment: __Vectors_Size used once
3 symbols



ARM Macro Assembler    Page 1 Alphabetic symbol ordering
External symbols

RSI_PS_Restore 00000000

Symbol: RSI_PS_Restore
   Definitions
      At line 75 in file ..\..\startup\startup_RS1xxxx.s
   Uses
      At line 136 in file ..\..\startup\startup_RS1xxxx.s
Comment: RSI_PS_Restore used once
SystemInit 00000000

Symbol: SystemInit
   Definitions
      At line 208 in file ..\..\startup\startup_RS1xxxx.s
   Uses
      At line 212 in file ..\..\startup\startup_RS1xxxx.s
Comment: SystemInit used once
__main 00000000

Symbol: __main
   Definitions
      At line 209 in file ..\..\startup\startup_RS1xxxx.s
   Uses
      At line 214 in file ..\..\startup\startup_RS1xxxx.s
Comment: __main used once
3 symbols
454 symbols in table
